<?xml version="1.0" encoding="UTF-8"?>
<testng-results ignored="0" total="1" passed="1" failed="0" skipped="0">
  <reporter-output>
  </reporter-output>
  <suite started-at="2024-05-06T13:52:36 IST" name="Default Suite" finished-at="2024-05-06T13:52:47 IST" duration-ms="10598">
    <groups>
    </groups>
    <test started-at="2024-05-06T13:52:36 IST" name="MavenTest" finished-at="2024-05-06T13:52:47 IST" duration-ms="10598">
      <class name="com.afk.WebSiteLoginTest">
        <test-method is-config="true" signature="beforeSuits()[pri:0, instance:com.afk.WebSiteLoginTest@4e91d63f]" started-at="2024-05-06T13:52:36 IST" name="beforeSuits" finished-at="2024-05-06T13:52:36 IST" duration-ms="114" status="PASS">
          <reporter-output>
          </reporter-output>
        </test-method> <!-- beforeSuits -->
        <test-method is-config="true" signature="setup()[pri:0, instance:com.afk.WebSiteLoginTest@4e91d63f]" started-at="2024-05-06T13:52:37 IST" name="setup" finished-at="2024-05-06T13:52:44 IST" duration-ms="7025" status="PASS">
          <reporter-output>
          </reporter-output>
        </test-method> <!-- setup -->
        <test-method signature="LogonTest()[pri:0, instance:com.afk.WebSiteLoginTest@4e91d63f]" started-at="2024-05-06T13:52:44 IST" name="LogonTest" description="To Test the login process on a saucedemo website" finished-at="2024-05-06T13:52:46 IST" duration-ms="2178" status="PASS">
          <reporter-output>
          </reporter-output>
        </test-method> <!-- LogonTest -->
        <test-method is-config="true" signature="tearDown()[pri:0, instance:com.afk.WebSiteLoginTest@4e91d63f]" started-at="2024-05-06T13:52:46 IST" name="tearDown" finished-at="2024-05-06T13:52:47 IST" duration-ms="1249" status="PASS">
          <reporter-output>
          </reporter-output>
        </test-method> <!-- tearDown -->
      </class> <!-- com.afk.WebSiteLoginTest -->
    </test> <!-- MavenTest -->
  </suite> <!-- Default Suite -->
</testng-results>
